/dev/input/event1: 0002 0000 00000004
/dev/input/event1: 0002 0001 ffffffe8
/dev/input/event1: 0002 0002 fffffbc4
/dev/input/event1: 0000 0000 00000000
/dev/input/event1: 0002 0000 00000004
/dev/input/event1: 0002 0001 ffffffec
/dev/input/event1: 0002 0002 fffffbc8
/dev/input/event1: 0000 0000 00000000
/dev/input/event1: 0002 0000 0000000c
/dev/input/event1: 0002 0001 fffffff8
/dev/input/event1: 0002 0002 fffffbc4
/dev/input/event1: 0000 0000 00000000
/dev/input/event1: 0002 0000 00000004
/dev/input/event1: 0002 0001 fffffff4
/dev/input/event1: 0002 0002 fffffbc8
/dev/input/event1: 0000 0000 00000000
/dev/input/event1: 0002 0000 0000000c
/dev/input/event1: 0002 0001 fffffff8
/dev/input/event1: 0002 0002 fffffbc4
/dev/input/event1: 0000 0000 00000000
/dev/input/event1: 0002 0000 0000000c
/dev/input/event1: 0002 0001 fffffff8
/dev/input/event1: 0002 0002 fffffbcc
/dev/input/event1: 0000 0000 00000000
/dev/input/event1: 0002 0000 00000008
/dev/input/event1: 0002 0001 fffffff0
/dev/input/event1: 0002 0002 fffffbc8
/dev/input/event1: 0000 0000 00000000
/dev/input/event1: 0002 0000 00000004
/dev/input/event1: 0002 0002 fffffbcc
/dev/input/event1: 0000 0000 00000000
/dev/input/event1: 0002 0000 fffffffc
/dev/input/event1: 0002 0001 ffffffec
/dev/input/event1: 0002 0002 fffffbd4
/dev/input/event1: 0000 0000 00000000
/dev/input/event1: 0002 0000 0000000c
/dev/input/event1: 0002 0001 fffffff0
/dev/input/event1: 0002 0002 fffffbd0
/dev/input/event1: 0000 0000 00000000
/dev/input/event1: 0002 0000 00000008
/dev/input/event1: 0002 0001 fffffff0
/dev/input/event1: 0002 0002 fffffbc8
/dev/input/event1: 0000 0000 00000000
/dev/input/event1: 0002 0000 00000008
/dev/input/event1: 0002 0001 fffffff0
/dev/input/event1: 0002 0002 fffffbc0
/dev/input/event1: 0000 0000 00000000
/dev/input/event1: 0002 0000 0000000c
/dev/input/event1: 0002 0001 fffffff0
/dev/input/event1: 0002 0002 fffffbc8
/dev/input/event1: 0000 0000 00000000
/dev/input/event1: 0002 0000 00000008
/dev/input/event1: 0002 0001 fffffff8
/dev/input/event1: 0002 0002 fffffbc4
/dev/input/event1: 0000 0000 00000000
/dev/input/event1: 0002 0000 00000008
/dev/input/event1: 0002 0001 fffffff8
/dev/input/event1: 0002 0002 fffffbcc
/dev/input/event1: 0000 0000 00000000
/dev/input/event1: 0002 0000 00000014
/dev/input/event1: 0002 0001 fffffff4
/dev/input/event1: 0002 0002 fffffbc4
/dev/input/event1: 0000 0000 00000000
/dev/input/event1: 0002 0000 00000018
/dev/input/event1: 0002 0001 fffffff4
/dev/input/event1: 0002 0002 fffffbd0
/dev/input/event1: 0000 0000 00000000
/dev/input/event1: 0002 0000 00000008
/dev/input/event1: 0002 0001 fffffff0
/dev/input/event1: 0002 0002 fffffbd0
/dev/input/event1: 0000 0000 00000000
/dev/input/event1: 0002 0000 00000004
/dev/input/event1: 0002 0001 fffffff0
/dev/input/event1: 0002 0002 fffffbd4
/dev/input/event1: 0000 0000 00000000
/dev/input/event1: 0002 0000 00000008
/dev/input/event1: 0002 0001 fffffff0
/dev/input/event1: 0002 0002 fffffbd4
/dev/input/event1: 0000 0000 00000000
/dev/input/event1: 0002 0000 fffffffc
/dev/input/event1: 0002 0001 ffffffec
/dev/input/event1: 0002 0002 fffffbd4
/dev/input/event1: 0000 0000 00000000
/dev/input/event1: 0002 0001 fffffff8
/dev/input/event1: 0002 0002 fffffbc4
/dev/input/event1: 0000 0000 00000000
/dev/input/event1: 0002 0000 fffffff4
/dev/input/event1: 0002 0001 fffffff0
/dev/input/event1: 0002 0002 fffffbcc
/dev/input/event1: 0000 0000 00000000
/dev/input/event2: 0003 0039 00000033
/dev/input/event2: 0003 0035 00000169
/dev/input/event2: 0003 0036 000004b7
/dev/input/event2: 0003 003a 0000007e
/dev/input/event2: 0003 0030 00000000
/dev/input/event2: 0000 0000 00000000
/dev/input/event1: 0002 0000 fffffff4
/dev/input/event1: 0002 0001 fffffff4
/dev/input/event1: 0002 0002 fffffbd4
/dev/input/event1: 0000 0000 00000000
/dev/input/event2: 0003 0035 0000016b
/dev/input/event2: 0003 0036 000004b0
/dev/input/event2: 0003 003a 00000074
/dev/input/event2: 0003 0030 00000001
/dev/input/event2: 0000 0000 00000000
/dev/input/event2: 0003 0035 0000016d
/dev/input/event2: 0003 0036 000004a9
/dev/input/event2: 0003 003a 00000078
/dev/input/event2: 0000 0000 00000000
/dev/input/event2: 0003 0035 0000016f
/dev/input/event2: 0003 0036 000004a2
/dev/input/event2: 0003 003a 0000008a
/dev/input/event2: 0000 0000 00000000
/dev/input/event2: 0003 0035 00000171
/dev/input/event2: 0003 0036 0000049b
/dev/input/event2: 0003 003a 0000007f
/dev/input/event2: 0000 0000 00000000
/dev/input/event2: 0003 0035 00000172
/dev/input/event2: 0003 0036 00000493
/dev/input/event2: 0003 003a 00000080
/dev/input/event2: 0000 0000 00000000
/dev/input/event2: 0003 0035 00000173
/dev/input/event2: 0003 0036 0000048a
/dev/input/event2: 0003 003a 0000007a
/dev/input/event2: 0003 0030 00000000
/dev/input/event2: 0000 0000 00000000
/dev/input/event1: 0002 0001 fffffff0
/dev/input/event1: 0002 0002 fffffbbc
/dev/input/event1: 0000 0000 00000000
/dev/input/event2: 0003 0035 00000174
/dev/input/event2: 0003 0036 00000483
/dev/input/event2: 0003 003a 0000006c
/dev/input/event2: 0003 0030 00000001
/dev/input/event2: 0000 0000 00000000
/dev/input/event2: 0003 0035 00000175
/dev/input/event2: 0003 0036 00000479
/dev/input/event2: 0000 0000 00000000
/dev/input/event2: 0003 0035 00000176
/dev/input/event2: 0003 0036 00000469
/dev/input/event2: 0003 003a 00000077
/dev/input/event2: 0003 0031 00000001
/dev/input/event2: 0000 0000 00000000
/dev/input/event2: 0003 0035 00000177
/dev/input/event2: 0003 0036 00000456
/dev/input/event2: 0003 003a 00000080
/dev/input/event2: 0003 0031 00000000
/dev/input/event2: 0000 0000 00000000
/dev/input/event2: 0003 0035 0000017a
/dev/input/event2: 0003 0036 00000442
/dev/input/event2: 0003 003a 00000075
/dev/input/event2: 0003 0030 00000002
/dev/input/event2: 0000 0000 00000000
/dev/input/event2: 0003 0035 0000017e
/dev/input/event2: 0003 0036 00000431
/dev/input/event2: 0003 003a 00000080
/dev/input/event2: 0000 0000 00000000
/dev/input/event2: 0003 0035 00000182
/dev/input/event2: 0003 0036 0000041d
/dev/input/event2: 0003 003a 00000070
/dev/input/event2: 0003 0030 00000001
/dev/input/event2: 0000 0000 00000000
/dev/input/event1: 0002 0000 00000004
/dev/input/event1: 0002 0001 fffffff4
/dev/input/event1: 0002 0002 fffffbb8
/dev/input/event1: 0000 0000 00000000
/dev/input/event2: 0003 0035 00000186
/dev/input/event2: 0003 0036 00000404
/dev/input/event2: 0003 003a 0000007d
/dev/input/event2: 0003 0031 00000001
/dev/input/event2: 0000 0000 00000000
/dev/input/event2: 0003 0035 0000018a
/dev/input/event2: 0003 0036 000003ef
/dev/input/event2: 0003 003a 0000007e
/dev/input/event2: 0003 0030 00000002
/dev/input/event2: 0003 0031 00000000
/dev/input/event2: 0000 0000 00000000
/dev/input/event2: 0003 0035 0000018d
/dev/input/event2: 0003 0036 000003dc
/dev/input/event2: 0003 003a 00000076
/dev/input/event2: 0003 0030 00000001
/dev/input/event2: 0000 0000 00000000
/dev/input/event2: 0003 0035 00000190
/dev/input/event2: 0003 0036 000003cc
/dev/input/event2: 0003 003a 0000007b
/dev/input/event2: 0000 0000 00000000
/dev/input/event2: 0003 0035 00000192
/dev/input/event2: 0003 0036 000003be
/dev/input/event2: 0000 0000 00000000
/dev/input/event2: 0003 0035 00000193
/dev/input/event2: 0003 0036 000003b1
/dev/input/event2: 0003 003a 0000007a
/dev/input/event2: 0000 0000 00000000
/dev/input/event2: 0003 0035 00000194
/dev/input/event2: 0003 0036 000003a5
/dev/input/event2: 0003 003a 00000080
/dev/input/event2: 0000 0000 00000000
/dev/input/event1: 0002 0000 0000000c
/dev/input/event1: 0002 0001 fffffff8
/dev/input/event1: 0002 0002 fffffbc4
/dev/input/event1: 0000 0000 00000000
/dev/input/event2: 0003 0036 00000397
/dev/input/event2: 0000 0000 00000000
/dev/input/event2: 0003 0036 0000038d
/dev/input/event2: 0003 003a 00000077
/dev/input/event2: 0000 0000 00000000
/dev/input/event2: 0003 0035 00000193
/dev/input/event2: 0003 0036 00000381
/dev/input/event2: 0003 003a 0000006d
/dev/input/event2: 0000 0000 00000000
/dev/input/event2: 0003 0035 00000192
/dev/input/event2: 0003 0036 00000374
/dev/input/event2: 0003 003a 0000007a
/dev/input/event2: 0003 0030 00000002
/dev/input/event2: 0000 0000 00000000
/dev/input/event2: 0003 0035 00000191
/dev/input/event2: 0003 0036 00000367
/dev/input/event2: 0003 003a 00000071
/dev/input/event2: 0003 0030 00000001
/dev/input/event2: 0000 0000 00000000
/dev/input/event2: 0003 0035 00000190
/dev/input/event2: 0003 0036 0000035b
/dev/input/event2: 0003 003a 00000085
/dev/input/event2: 0000 0000 00000000
/dev/input/event2: 0003 0035 0000018f
/dev/input/event2: 0003 0036 00000351
/dev/input/event2: 0003 003a 0000007f
/dev/input/event2: 0000 0000 00000000
/dev/input/event1: 0002 0000 00000008
/dev/input/event1: 0002 0001 fffffffc
/dev/input/event1: 0002 0002 fffffbc8
/dev/input/event1: 0000 0000 00000000
/dev/input/event2: 0003 0035 0000018e
/dev/input/event2: 0003 0036 00000347
/dev/input/event2: 0003 003a 00000071
/dev/input/event2: 0000 0000 00000000
/dev/input/event2: 0003 0035 0000018d
/dev/input/event2: 0003 0036 0000033d
/dev/input/event2: 0003 003a 00000077
/dev/input/event2: 0000 0000 00000000
/dev/input/event2: 0003 0035 0000018c
/dev/input/event2: 0003 0036 00000331
/dev/input/event2: 0003 003a 0000007a
/dev/input/event2: 0000 0000 00000000
/dev/input/event2: 0003 0036 00000326
/dev/input/event2: 0003 003a 0000007e
/dev/input/event2: 0000 0000 00000000
/dev/input/event2: 0003 0035 0000018b
/dev/input/event2: 0003 0036 00000316
/dev/input/event2: 0003 003a 00000081
/dev/input/event2: 0000 0000 00000000
/dev/input/event2: 0003 0035 0000018a
/dev/input/event2: 0003 0036 00000307
/dev/input/event2: 0003 003a 00000080
/dev/input/event2: 0000 0000 00000000
/dev/input/event2: 0003 0036 000002f7
/dev/input/event2: 0003 003a 0000007c
/dev/input/event2: 0000 0000 00000000
/dev/input/event1: 0002 0000 0000000c
/dev/input/event1: 0002 0001 fffffffc
/dev/input/event1: 0002 0002 fffffbc8
/dev/input/event1: 0000 0000 00000000
/dev/input/event2: 0003 0036 000002e9
/dev/input/event2: 0003 003a 00000079
/dev/input/event2: 0000 0000 00000000
/dev/input/event2: 0003 0036 000002dc
/dev/input/event2: 0003 003a 00000068
/dev/input/event2: 0000 0000 00000000
/dev/input/event2: 0003 0036 000002c9
/dev/input/event2: 0003 003a 00000067
/dev/input/event2: 0000 0000 00000000
/dev/input/event2: 0003 0036 000002b1
/dev/input/event2: 0003 003a 0000008a
/dev/input/event2: 0000 0000 00000000
/dev/input/event2: 0003 0036 0000029f
/dev/input/event2: 0003 003a 0000007b
/dev/input/event2: 0000 0000 00000000
/dev/input/event2: 0003 0036 0000028b
/dev/input/event2: 0003 003a 00000074
/dev/input/event2: 0000 0000 00000000
/dev/input/event1: 0002 0000 00000010
/dev/input/event1: 0002 0001 fffffff8
/dev/input/event1: 0002 0002 fffffbc8
/dev/input/event1: 0000 0000 00000000
/dev/input/event2: 0003 0036 00000279
/dev/input/event2: 0003 003a 00000079
/dev/input/event2: 0000 0000 00000000
/dev/input/event2: 0003 0036 00000264
/dev/input/event2: 0003 003a 0000006e
/dev/input/event2: 0000 0000 00000000
/dev/input/event2: 0003 0035 00000188
/dev/input/event2: 0003 0036 00000247
/dev/input/event2: 0003 003a 00000085
/dev/input/event2: 0000 0000 00000000
/dev/input/event2: 0003 0035 00000186
/dev/input/event2: 0003 0036 00000228
/dev/input/event2: 0003 003a 00000075
/dev/input/event2: 0000 0000 00000000
/dev/input/event2: 0003 0035 00000185
/dev/input/event2: 0003 0036 0000020d
/dev/input/event2: 0003 003a 00000078
/dev/input/event2: 0000 0000 00000000
/dev/input/event2: 0003 0036 000001f4
/dev/input/event2: 0003 003a 00000073
/dev/input/event2: 0000 0000 00000000
/dev/input/event2: 0003 0036 000001d1
/dev/input/event2: 0000 0000 00000000
/dev/input/event1: 0002 0000 00000008
/dev/input/event1: 0002 0001 fffffff8
/dev/input/event1: 0002 0002 fffffbd4
/dev/input/event1: 0000 0000 00000000
/dev/input/event2: 0003 0036 000001b8
/dev/input/event2: 0003 003a 00000078
/dev/input/event2: 0000 0000 00000000
/dev/input/event2: 0003 0036 000001a5
/dev/input/event2: 0003 003a 00000077
/dev/input/event2: 0000 0000 00000000
/dev/input/event2: 0003 0036 00000191
/dev/input/event2: 0003 003a 00000084
/dev/input/event2: 0000 0000 00000000
/dev/input/event2: 0003 0036 0000017f
/dev/input/event2: 0003 003a 0000007f
/dev/input/event2: 0000 0000 00000000
/dev/input/event2: 0003 0036 00000164
/dev/input/event2: 0003 003a 00000082
/dev/input/event2: 0000 0000 00000000
/dev/input/event2: 0003 0036 0000014c
/dev/input/event2: 0003 003a 0000007b
/dev/input/event2: 0000 0000 00000000
/dev/input/event2: 0003 0036 00000137
/dev/input/event2: 0003 003a 0000007c
/dev/input/event2: 0000 0000 00000000
/dev/input/event1: 0002 0000 0000000c
/dev/input/event1: 0002 0001 fffffff4
/dev/input/event1: 0002 0002 fffffbd0
/dev/input/event1: 0000 0000 00000000
/dev/input/event2: 0003 0035 00000186
/dev/input/event2: 0003 0036 00000121
/dev/input/event2: 0003 003a 0000006f
/dev/input/event2: 0000 0000 00000000
/dev/input/event2: 0003 0035 00000187
/dev/input/event2: 0003 0036 000000fa
/dev/input/event2: 0003 003a 0000007f
/dev/input/event2: 0000 0000 00000000
/dev/input/event2: 0003 0035 0000018a
/dev/input/event2: 0003 0036 000000d6
/dev/input/event2: 0003 003a 00000067
/dev/input/event2: 0000 0000 00000000
/dev/input/event2: 0003 0035 0000018f
/dev/input/event2: 0003 0036 000000ae
/dev/input/event2: 0003 003a 00000052
/dev/input/event2: 0000 0000 00000000
/dev/input/event2: 0003 0035 00000196
/dev/input/event2: 0003 0036 0000007d
/dev/input/event2: 0003 003a 00000064
/dev/input/event2: 0003 0030 00000000
/dev/input/event2: 0000 0000 00000000
/dev/input/event2: 0003 0035 00000199
/dev/input/event2: 0003 0036 0000006b
/dev/input/event2: 0003 003a 0000003d
/dev/input/event2: 0000 0000 00000000
/dev/input/event2: 0003 0039 ffffffff
/dev/input/event2: 0000 0000 00000000
/dev/input/event1: 0002 0000 00000014
/dev/input/event1: 0002 0001 fffffff0
/dev/input/event1: 0002 0002 fffffbcc
/dev/input/event1: 0000 0000 00000000
/dev/input/event1: 0002 0000 00000014
/dev/input/event1: 0002 0001 fffffff8
/dev/input/event1: 0002 0002 fffffbcc
/dev/input/event1: 0000 0000 00000000
/dev/input/event1: 0002 0000 00000008
/dev/input/event1: 0002 0001 fffffff8
/dev/input/event1: 0002 0002 fffffbcc
/dev/input/event1: 0000 0000 00000000
/dev/input/event1: 0002 0000 00000004
/dev/input/event1: 0002 0001 fffffffc
/dev/input/event1: 0002 0002 fffffbd4
/dev/input/event1: 0000 0000 00000000
/dev/input/event3: 0011 0008 00000003
/dev/input/event3: 0000 0000 00000000
/dev/input/event1: 0002 0000 00000004
/dev/input/event1: 0002 0001 00000004
/dev/input/event1: 0002 0002 fffffbd4
/dev/input/event1: 0000 0000 00000000
/dev/input/event1: 0002 0000 0000000c
/dev/input/event1: 0002 0001 fffffff8
/dev/input/event1: 0002 0002 fffffbcc
/dev/input/event1: 0000 0000 00000000
/dev/input/event1: 0002 0000 0000000c
/dev/input/event1: 0002 0001 fffffffc
/dev/input/event1: 0002 0002 fffffbc8
/dev/input/event1: 0000 0000 00000000
/dev/input/event1: 0002 0001 fffffff4
/dev/input/event1: 0002 0002 fffffbd4
/dev/input/event1: 0000 0000 00000000
/dev/input/event1: 0002 0000 00000004
/dev/input/event1: 0002 0001 fffffff0
/dev/input/event1: 0002 0002 fffffbd0
/dev/input/event1: 0000 0000 00000000
/dev/input/event1: 0002 0000 00000004
/dev/input/event1: 0002 0001 fffffff8
/dev/input/event1: 0002 0002 fffffbc0
/dev/input/event1: 0000 0000 00000000
/dev/input/event3: 0011 0008 0000001d
/dev/input/event3: 0000 0000 00000000
/dev/input/event1: 0002 0000 00000004
/dev/input/event1: 0002 0001 fffffff0
/dev/input/event1: 0002 0002 fffffbc4
/dev/input/event1: 0000 0000 00000000
/dev/input/event1: 0002 0000 00000008
/dev/input/event1: 0002 0001 fffffff8
/dev/input/event1: 0002 0002 fffffbc8
/dev/input/event1: 0000 0000 00000000
/dev/input/event1: 0002 0000 00000004
/dev/input/event1: 0002 0001 fffffffc
/dev/input/event1: 0002 0002 fffffbc4
/dev/input/event1: 0000 0000 00000000
/dev/input/event1: 0002 0000 0000000c
/dev/input/event1: 0002 0001 fffffffc
/dev/input/event1: 0002 0002 fffffbc0
/dev/input/event1: 0000 0000 00000000
/dev/input/event1: 0002 0000 00000018
/dev/input/event1: 0002 0001 fffffff8
/dev/input/event1: 0002 0002 fffffbb8
/dev/input/event1: 0000 0000 00000000
/dev/input/event2: 0003 0039 00000034
/dev/input/event2: 0003 0035 0000009f
/dev/input/event2: 0003 0036 0000031b
/dev/input/event2: 0003 003a 00000046
/dev/input/event2: 0000 0000 00000000
/dev/input/event1: 0002 0000 00000010
/dev/input/event1: 0002 0001 ffffffe8
/dev/input/event1: 0002 0002 fffffbc8
/dev/input/event1: 0000 0000 00000000
/dev/input/event2: 0003 0035 000000a1
/dev/input/event2: 0003 0036 00000319
/dev/input/event2: 0003 003a 00000085
/dev/input/event2: 0003 0030 00000001
/dev/input/event2: 0003 0031 00000001
/dev/input/event2: 0000 0000 00000000
/dev/input/event1: 0002 0000 00000028
/dev/input/event1: 0002 0001 ffffffd8
/dev/input/event1: 0002 0002 fffffb5c
/dev/input/event1: 0000 0000 00000000
/dev/input/event2: 0003 0035 000000a3
/dev/input/event2: 0003 0036 00000317
/dev/input/event2: 0003 003a 00000080
/dev/input/event2: 0003 0031 00000000
/dev/input/event2: 0000 0000 00000000
/dev/input/event2: 0003 0035 000000a8
/dev/input/event2: 0003 0036 00000311
/dev/input/event2: 0003 003a 0000008d
/dev/input/event2: 0003 0031 00000001
/dev/input/event2: 0000 0000 00000000
/dev/input/event2: 0003 0035 000000b0
/dev/input/event2: 0003 0036 00000303
/dev/input/event2: 0003 003a 00000083
/dev/input/event2: 0003 0030 00000002
/dev/input/event2: 0003 0031 00000000
/dev/input/event2: 0000 0000 00000000
/dev/input/event2: 0003 0035 000000b8
/dev/input/event2: 0003 0036 000002f7
/dev/input/event2: 0003 003a 00000084
/dev/input/event2: 0000 0000 00000000
/dev/input/event2: 0003 0035 000000c0
/dev/input/event2: 0003 0036 000002eb
/dev/input/event2: 0003 003a 00000089
/dev/input/event2: 0000 0000 00000000
/dev/input/event2: 0003 0035 000000c7
/dev/input/event2: 0003 0036 000002e1
/dev/input/event2: 0000 0000 00000000
/dev/input/event2: 0003 0035 000000cd
/dev/input/event1: 0002 0000 0000000c
/dev/input/event2: 0003 0036 000002d6
/dev/input/event1: 0002 0001 fffffff4
/dev/input/event2: 0003 003a 00000085
/dev/input/event1: 0002 0002 fffffbac
/dev/input/event2: 0000 0000 00000000
/dev/input/event1: 0000 0000 00000000
/dev/input/event2: 0003 0035 000000d3
/dev/input/event2: 0003 0036 000002cc
/dev/input/event2: 0003 003a 00000084
/dev/input/event2: 0003 0030 00000001
/dev/input/event2: 0000 0000 00000000
/dev/input/event2: 0003 0035 000000d9
/dev/input/event2: 0003 0036 000002c2
/dev/input/event2: 0000 0000 00000000
/dev/input/event2: 0003 0035 000000de
/dev/input/event2: 0003 0036 000002b8
/dev/input/event2: 0003 003a 0000008a
/dev/input/event2: 0003 0031 00000001
/dev/input/event2: 0000 0000 00000000
/dev/input/event2: 0003 0035 000000e5
/dev/input/event2: 0003 0036 000002ab
/dev/input/event2: 0003 003a 00000083
/dev/input/event2: 0000 0000 00000000
/dev/input/event2: 0003 0035 000000ec
/dev/input/event2: 0003 0036 000002a2
/dev/input/event2: 0003 003a 00000078
/dev/input/event2: 0003 0030 00000002
/dev/input/event2: 0003 0031 00000000
/dev/input/event2: 0000 0000 00000000
/dev/input/event2: 0003 0035 000000f4
/dev/input/event2: 0003 0036 00000298
/dev/input/event2: 0003 003a 0000008a
/dev/input/event2: 0000 0000 00000000
/dev/input/event2: 0003 0035 000000fe
/dev/input/event1: 0002 0000 00000010
/dev/input/event2: 0003 0036 0000028d
/dev/input/event1: 0002 0001 fffffffc
/dev/input/event2: 0003 003a 00000085
/dev/input/event1: 0002 0002 fffffbb8
/dev/input/event2: 0003 0030 00000001
/dev/input/event1: 0000 0000 00000000
/dev/input/event2: 0000 0000 00000000
/dev/input/event2: 0003 0035 0000010c
/dev/input/event2: 0003 0036 00000280
/dev/input/event2: 0000 0000 00000000
/dev/input/event2: 0003 0035 0000011b
/dev/input/event2: 0003 0036 00000274
/dev/input/event2: 0003 003a 00000089
/dev/input/event2: 0003 0030 00000002
/dev/input/event2: 0000 0000 00000000
/dev/input/event2: 0003 0035 0000012b
/dev/input/event2: 0003 0036 00000268
/dev/input/event2: 0003 003a 00000072
/dev/input/event2: 0003 0030 00000000
/dev/input/event2: 0000 0000 00000000
/dev/input/event2: 0003 0035 0000013c
/dev/input/event2: 0003 0036 0000025c
/dev/input/event2: 0003 003a 00000082
/dev/input/event2: 0003 0030 00000001
/dev/input/event2: 0000 0000 00000000
/dev/input/event2: 0003 0035 0000014b
/dev/input/event2: 0003 0036 00000252
/dev/input/event2: 0003 003a 0000008b
/dev/input/event2: 0003 0030 00000002
/dev/input/event2: 0000 0000 00000000
/dev/input/event2: 0003 0035 00000157
/dev/input/event2: 0003 0036 0000024a
/dev/input/event2: 0003 003a 00000080
/dev/input/event2: 0000 0000 00000000
/dev/input/event1: 0002 0000 0000000c
/dev/input/event1: 0002 0001 fffffff0
/dev/input/event1: 0002 0002 fffffbc0
/dev/input/event1: 0000 0000 00000000
/dev/input/event2: 0003 0035 0000015f
/dev/input/event2: 0003 0036 00000244
/dev/input/event2: 0003 003a 00000086
/dev/input/event2: 0000 0000 00000000
/dev/input/event2: 0003 0035 00000165
/dev/input/event2: 0003 0036 00000240
/dev/input/event2: 0003 003a 00000088
/dev/input/event2: 0000 0000 00000000
/dev/input/event2: 0003 0035 00000169
/dev/input/event2: 0003 0036 0000023c
/dev/input/event2: 0003 003a 00000083
/dev/input/event2: 0003 0031 00000001
/dev/input/event2: 0000 0000 00000000
/dev/input/event2: 0003 0035 0000016d
/dev/input/event2: 0003 0036 00000239
/dev/input/event2: 0003 003a 00000081
/dev/input/event2: 0000 0000 00000000
/dev/input/event2: 0003 0035 00000170
/dev/input/event2: 0003 0036 00000237
/dev/input/event2: 0003 003a 00000086
/dev/input/event2: 0003 0031 00000000
/dev/input/event2: 0000 0000 00000000
/dev/input/event2: 0003 0035 00000172
/dev/input/event2: 0003 0036 00000236
/dev/input/event2: 0000 0000 00000000
/dev/input/event2: 0003 0035 00000174
/dev/input/event2: 0003 0036 00000235
/dev/input/event2: 0003 003a 00000083
/dev/input/event2: 0000 0000 00000000
/dev/input/event1: 0002 0000 00000008
/dev/input/event1: 0002 0001 fffffff8
/dev/input/event1: 0002 0002 fffffbf4
/dev/input/event1: 0000 0000 00000000
/dev/input/event2: 0003 0035 00000176
/dev/input/event2: 0003 0036 00000234
/dev/input/event2: 0003 003a 00000082
/dev/input/event2: 0000 0000 00000000
/dev/input/event2: 0003 0035 00000178
/dev/input/event2: 0003 0036 00000232
/dev/input/event2: 0003 003a 00000086
/dev/input/event2: 0003 0031 00000001
/dev/input/event2: 0000 0000 00000000
/dev/input/event2: 0003 0035 0000017a
/dev/input/event2: 0003 0036 00000231
/dev/input/event2: 0003 003a 00000078
/dev/input/event2: 0003 0030 00000001
/dev/input/event2: 0003 0031 00000000
/dev/input/event2: 0000 0000 00000000
/dev/input/event2: 0003 0035 0000017c
/dev/input/event2: 0003 0036 00000230
/dev/input/event2: 0003 003a 0000008a
/dev/input/event2: 0000 0000 00000000
/dev/input/event2: 0003 0035 0000017e
/dev/input/event2: 0003 003a 00000087
/dev/input/event2: 0003 0030 00000002
/dev/input/event2: 0000 0000 00000000
/dev/input/event1: 0002 0000 0000000c
/dev/input/event1: 0002 0001 fffffff8
/dev/input/event1: 0002 0002 fffffbdc
/dev/input/event1: 0000 0000 00000000
/dev/input/event2: 0003 0035 00000180
/dev/input/event2: 0003 0036 0000022f
/dev/input/event2: 0003 003a 0000007e
/dev/input/event2: 0003 0031 00000001
/dev/input/event2: 0000 0000 00000000
/dev/input/event2: 0003 0035 00000182
/dev/input/event2: 0003 003a 0000008d
/dev/input/event2: 0003 0031 00000000
/dev/input/event2: 0000 0000 00000000
/dev/input/event1: 0002 0000 0000000c
/dev/input/event1: 0002 0001 fffffff0
/dev/input/event1: 0002 0002 fffffbc8
/dev/input/event1: 0000 0000 00000000
/dev/input/event2: 0003 0035 00000184
/dev/input/event2: 0003 003a 00000086
/dev/input/event2: 0000 0000 00000000
/dev/input/event2: 0003 0035 00000186
/dev/input/event2: 0003 0036 00000231
/dev/input/event2: 0003 003a 00000092
/dev/input/event2: 0003 0030 00000001
/dev/input/event2: 0000 0000 00000000
/dev/input/event2: 0003 0035 00000188
/dev/input/event2: 0003 0036 00000232
/dev/input/event2: 0003 003a 00000082
/dev/input/event2: 0000 0000 00000000
/dev/input/event2: 0003 0035 0000018a
/dev/input/event2: 0003 0036 00000234
/dev/input/event2: 0003 003a 0000008b
/dev/input/event2: 0000 0000 00000000
/dev/input/event1: 0002 0000 0000000c
/dev/input/event1: 0002 0001 fffffff8
/dev/input/event1: 0002 0002 fffffbc8
/dev/input/event1: 0000 0000 00000000
/dev/input/event2: 0003 0035 0000018c
/dev/input/event2: 0003 0036 00000236
/dev/input/event2: 0003 003a 0000008e
/dev/input/event2: 0003 0030 00000000
/dev/input/event2: 0000 0000 00000000
/dev/input/event2: 0003 0035 0000018f
/dev/input/event2: 0003 0036 00000239
/dev/input/event2: 0003 003a 00000081
/dev/input/event2: 0000 0000 00000000
/dev/input/event2: 0003 0035 00000193
/dev/input/event2: 0003 0036 0000023d
/dev/input/event2: 0003 003a 00000087
/dev/input/event2: 0000 0000 00000000
/dev/input/event2: 0003 0035 00000197
/dev/input/event2: 0003 0036 00000243
/dev/input/event2: 0003 003a 00000083
/dev/input/event2: 0003 0030 00000001
/dev/input/event2: 0000 0000 00000000
/dev/input/event2: 0003 0035 0000019c
/dev/input/event2: 0003 0036 0000024a
/dev/input/event2: 0003 003a 00000085
/dev/input/event2: 0000 0000 00000000
/dev/input/event2: 0003 0035 000001a2
/dev/input/event2: 0003 0036 00000256
/dev/input/event2: 0003 003a 00000081
/dev/input/event2: 0003 0031 00000001
/dev/input/event2: 0000 0000 00000000
/dev/input/event2: 0003 0035 000001a7
/dev/input/event2: 0003 0036 00000260
/dev/input/event2: 0003 003a 00000087
/dev/input/event2: 0003 0030 00000002
/dev/input/event2: 0000 0000 00000000
/dev/input/event1: 0002 0000 00000010
/dev/input/event1: 0002 0001 fffffff0
/dev/input/event1: 0002 0002 fffffbd0
/dev/input/event1: 0000 0000 00000000
/dev/input/event2: 0003 0035 000001ad
/dev/input/event2: 0003 0036 0000026d
/dev/input/event2: 0003 003a 00000088
/dev/input/event2: 0003 0030 00000001
/dev/input/event2: 0003 0031 00000000
/dev/input/event2: 0000 0000 00000000
/dev/input/event2: 0003 0035 000001b2
/dev/input/event2: 0003 0036 00000278
/dev/input/event2: 0003 003a 00000087
/dev/input/event2: 0000 0000 00000000
/dev/input/event2: 0003 0035 000001b7
/dev/input/event2: 0003 0036 00000282
/dev/input/event2: 0003 003a 00000083
/dev/input/event2: 0000 0000 00000000
/dev/input/event2: 0003 0035 000001bc
/dev/input/event2: 0003 0036 0000028c
/dev/input/event2: 0003 003a 00000085
/dev/input/event2: 0003 0030 00000000
/dev/input/event2: 0000 0000 00000000
/dev/input/event2: 0003 0035 000001c2
/dev/input/event2: 0003 0036 00000295
/dev/input/event2: 0003 003a 0000008c
/dev/input/event2: 0000 0000 00000000
/dev/input/event2: 0003 0035 000001c7
/dev/input/event2: 0003 0036 0000029e
/dev/input/event2: 0003 003a 00000085
/dev/input/event2: 0000 0000 00000000
/dev/input/event2: 0003 0035 000001cd
/dev/input/event2: 0003 0036 000002a7
/dev/input/event2: 0003 003a 0000008b
/dev/input/event2: 0003 0030 00000001
/dev/input/event2: 0000 0000 00000000
/dev/input/event1: 0002 0000 00000004
/dev/input/event1: 0002 0001 ffffffec
/dev/input/event1: 0002 0002 fffffbcc
/dev/input/event1: 0000 0000 00000000
/dev/input/event2: 0003 0035 000001d3
/dev/input/event2: 0003 0036 000002b0
/dev/input/event2: 0003 003a 0000008e
/dev/input/event2: 0000 0000 00000000
/dev/input/event2: 0003 0035 000001d9
/dev/input/event2: 0003 0036 000002ba
/dev/input/event2: 0003 003a 0000007a
/dev/input/event2: 0003 0031 00000001
/dev/input/event2: 0000 0000 00000000
/dev/input/event2: 0003 0035 000001dd
/dev/input/event2: 0003 0036 000002c0
/dev/input/event2: 0003 003a 00000081
/dev/input/event2: 0003 0030 00000002
/dev/input/event2: 0003 0031 00000000
/dev/input/event2: 0000 0000 00000000
/dev/input/event2: 0003 0035 000001e2
/dev/input/event2: 0003 0036 000002c9
/dev/input/event2: 0003 003a 00000082
/dev/input/event2: 0003 0031 00000001
/dev/input/event2: 0000 0000 00000000
/dev/input/event2: 0003 0035 000001e8
/dev/input/event2: 0003 0036 000002d3
/dev/input/event2: 0003 003a 00000089
/dev/input/event2: 0003 0031 00000000
/dev/input/event2: 0000 0000 00000000
/dev/input/event2: 0003 0035 000001ed
/dev/input/event2: 0003 0036 000002da
/dev/input/event2: 0003 003a 00000090
/dev/input/event2: 0003 0030 00000001
/dev/input/event2: 0000 0000 00000000
/dev/input/event2: 0003 0035 000001f3
/dev/input/event2: 0003 0036 000002e2
/dev/input/event2: 0003 003a 0000008a
/dev/input/event2: 0000 0000 00000000
/dev/input/event1: 0002 0000 00000004
/dev/input/event1: 0002 0001 fffffff0
/dev/input/event1: 0002 0002 fffffbc4
/dev/input/event1: 0000 0000 00000000
/dev/input/event2: 0003 0035 000001f7
/dev/input/event2: 0003 0036 000002e7
/dev/input/event2: 0003 003a 00000090
/dev/input/event2: 0003 0030 00000002
/dev/input/event2: 0003 0031 00000001
/dev/input/event2: 0000 0000 00000000
/dev/input/event2: 0003 0035 000001fd
/dev/input/event2: 0003 0036 000002ed
/dev/input/event2: 0003 003a 0000008d
/dev/input/event2: 0003 0030 00000001
/dev/input/event2: 0003 0031 00000000
/dev/input/event2: 0000 0000 00000000
/dev/input/event2: 0003 0035 00000202
/dev/input/event2: 0003 0036 000002f3
/dev/input/event2: 0003 003a 00000080
/dev/input/event2: 0000 0000 00000000
/dev/input/event2: 0003 0035 00000206
/dev/input/event2: 0003 0036 000002f8
/dev/input/event2: 0003 003a 00000087
/dev/input/event2: 0000 0000 00000000
/dev/input/event2: 0003 0035 00000209
/dev/input/event2: 0003 0036 000002fc
/dev/input/event2: 0000 0000 00000000
/dev/input/event2: 0003 0035 0000020c
/dev/input/event2: 0003 0036 000002ff
/dev/input/event2: 0003 003a 00000090
/dev/input/event2: 0000 0000 00000000
/dev/input/event2: 0003 0035 0000020e
/dev/input/event2: 0003 0036 00000302
/dev/input/event2: 0003 003a 0000008c
/dev/input/event2: 0000 0000 00000000
/dev/input/event1: 0002 0000 00000014
/dev/input/event1: 0002 0001 fffffff8
/dev/input/event1: 0002 0002 fffffb64
/dev/input/event1: 0000 0000 00000000
/dev/input/event2: 0003 0035 00000210
/dev/input/event2: 0003 0036 00000305
/dev/input/event2: 0003 003a 00000086
/dev/input/event2: 0000 0000 00000000
/dev/input/event2: 0003 0035 00000212
/dev/input/event2: 0003 0036 00000307
/dev/input/event2: 0003 003a 00000089
/dev/input/event2: 0000 0000 00000000
/dev/input/event2: 0003 0035 00000213
/dev/input/event2: 0003 0036 00000309
/dev/input/event2: 0000 0000 00000000
/dev/input/event2: 0003 0035 00000214
/dev/input/event2: 0003 0036 0000030b
/dev/input/event2: 0003 003a 00000093
/dev/input/event2: 0000 0000 00000000
/dev/input/event2: 0003 0035 00000215
/dev/input/event2: 0003 0036 0000030d
/dev/input/event2: 0003 003a 00000089
/dev/input/event2: 0000 0000 00000000
/dev/input/event2: 0003 0035 00000216
/dev/input/event2: 0003 0036 0000030f
/dev/input/event2: 0003 003a 0000008c
/dev/input/event2: 0000 0000 00000000
/dev/input/event1: 0002 0000 00000018
/dev/input/event1: 0002 0001 fffffff4
/dev/input/event1: 0002 0002 fffffb98
/dev/input/event1: 0000 0000 00000000
/dev/input/event2: 0003 0035 00000218
/dev/input/event2: 0003 0036 00000311
/dev/input/event2: 0003 003a 00000090
/dev/input/event2: 0003 0030 00000000
/dev/input/event2: 0000 0000 00000000
/dev/input/event2: 0003 0035 00000219
/dev/input/event2: 0003 0036 00000313
/dev/input/event2: 0003 003a 00000089
/dev/input/event2: 0000 0000 00000000
/dev/input/event2: 0003 0036 00000315
/dev/input/event2: 0003 003a 00000088
/dev/input/event2: 0003 0030 00000001
/dev/input/event2: 0000 0000 00000000
/dev/input/event1: 0002 0000 00000008
/dev/input/event1: 0002 0001 fffffff8
/dev/input/event1: 0002 0002 fffffbb8
/dev/input/event1: 0000 0000 00000000
/dev/input/event2: 0003 0036 00000317
/dev/input/event2: 0003 003a 0000008d
/dev/input/event2: 0000 0000 00000000
/dev/input/event2: 0003 0036 00000319
/dev/input/event2: 0003 003a 0000008a
/dev/input/event2: 0003 0030 00000000
/dev/input/event2: 0000 0000 00000000
/dev/input/event2: 0003 0036 0000031b
/dev/input/event2: 0003 003a 00000081
/dev/input/event2: 0000 0000 00000000
/dev/input/event2: 0003 0036 0000031d
/dev/input/event2: 0000 0000 00000000
/dev/input/event2: 0003 0035 00000218
/dev/input/event2: 0003 0036 00000320
/dev/input/event2: 0003 003a 00000086
/dev/input/event2: 0003 0030 00000001
/dev/input/event2: 0000 0000 00000000
/dev/input/event2: 0003 0035 00000216
/dev/input/event2: 0003 0036 00000324
/dev/input/event2: 0003 003a 00000082
/dev/input/event2: 0000 0000 00000000
/dev/input/event1: 0002 0000 0000000c
/dev/input/event1: 0002 0001 fffffff0
/dev/input/event1: 0002 0002 fffffbc4
/dev/input/event1: 0000 0000 00000000
/dev/input/event2: 0003 0035 00000213
/dev/input/event2: 0003 0036 0000032a
/dev/input/event2: 0003 003a 00000080
/dev/input/event2: 0003 0030 00000002
/dev/input/event2: 0003 0031 00000001
/dev/input/event2: 0000 0000 00000000
/dev/input/event2: 0003 0035 0000020e
/dev/input/event2: 0003 0036 00000332
/dev/input/event2: 0003 003a 00000088
/dev/input/event2: 0003 0030 00000001
/dev/input/event2: 0000 0000 00000000
/dev/input/event2: 0003 0035 00000208
/dev/input/event2: 0003 0036 0000033c
/dev/input/event2: 0003 003a 00000082
/dev/input/event2: 0003 0031 00000000
/dev/input/event2: 0000 0000 00000000
/dev/input/event2: 0003 0035 00000203
/dev/input/event2: 0003 0036 00000342
/dev/input/event2: 0003 003a 0000008a
/dev/input/event2: 0003 0030 00000002
/dev/input/event2: 0000 0000 00000000
/dev/input/event2: 0003 0035 000001fb
/dev/input/event2: 0003 0036 0000034d
/dev/input/event2: 0003 003a 0000007d
/dev/input/event2: 0003 0030 00000001
/dev/input/event2: 0000 0000 00000000
/dev/input/event2: 0003 0035 000001f3
/dev/input/event2: 0003 0036 00000356
/dev/input/event2: 0003 003a 00000083
/dev/input/event2: 0000 0000 00000000
/dev/input/event2: 0003 0035 000001eb
/dev/input/event2: 0003 0036 0000035e
/dev/input/event2: 0003 003a 00000088
/dev/input/event2: 0003 0030 00000002
/dev/input/event2: 0000 0000 00000000
/dev/input/event1: 0002 0000 0000000c
/dev/input/event1: 0002 0001 fffffff8
/dev/input/event1: 0002 0002 fffffbcc
/dev/input/event1: 0000 0000 00000000
/dev/input/event2: 0003 0035 000001e3
/dev/input/event2: 0003 0036 00000366
/dev/input/event2: 0003 003a 00000080
/dev/input/event2: 0003 0030 00000001
/dev/input/event2: 0000 0000 00000000
/dev/input/event2: 0003 0035 000001da
/dev/input/event2: 0003 0036 0000036f
/dev/input/event2: 0003 003a 00000084
/dev/input/event2: 0003 0030 00000000
/dev/input/event2: 0000 0000 00000000
/dev/input/event2: 0003 0035 000001d0
/dev/input/event2: 0003 0036 00000377
/dev/input/event2: 0003 003a 00000080
/dev/input/event2: 0000 0000 00000000
/dev/input/event2: 0003 0035 000001c6
/dev/input/event2: 0003 0036 0000037f
/dev/input/event2: 0003 003a 0000007c
/dev/input/event2: 0000 0000 00000000
/dev/input/event2: 0003 0035 000001bb
/dev/input/event2: 0003 0036 0000038b
/dev/input/event2: 0003 003a 00000089
/dev/input/event2: 0003 0030 00000002
/dev/input/event2: 0003 0031 00000001
/dev/input/event2: 0000 0000 00000000
/dev/input/event2: 0003 0035 000001b1
/dev/input/event2: 0003 0036 00000393
/dev/input/event2: 0003 003a 0000007a
/dev/input/event2: 0003 0030 00000001
/dev/input/event2: 0003 0031 00000000
/dev/input/event2: 0000 0000 00000000
/dev/input/event2: 0003 0035 000001a7
/dev/input/event2: 0003 0036 0000039b
/dev/input/event2: 0003 003a 00000074
/dev/input/event2: 0000 0000 00000000
/dev/input/event1: 0002 0000 00000010
/dev/input/event1: 0002 0002 fffffbcc
/dev/input/event1: 0000 0000 00000000
/dev/input/event2: 0003 0035 0000019c
/dev/input/event2: 0003 0036 000003a4
/dev/input/event2: 0003 003a 00000084
/dev/input/event2: 0000 0000 00000000
/dev/input/event2: 0003 0035 00000192
/dev/input/event2: 0003 0036 000003ae
/dev/input/event2: 0003 003a 00000082
/dev/input/event2: 0003 0030 00000000
/dev/input/event2: 0000 0000 00000000
/dev/input/event2: 0003 0035 00000188
/dev/input/event2: 0003 0036 000003b8
/dev/input/event2: 0003 003a 00000086
/dev/input/event2: 0003 0030 00000001
/dev/input/event2: 0000 0000 00000000
/dev/input/event2: 0003 0035 0000017f
/dev/input/event2: 0003 0036 000003c0
/dev/input/event2: 0003 003a 00000087
/dev/input/event2: 0003 0030 00000002
/dev/input/event2: 0000 0000 00000000
/dev/input/event2: 0003 0035 00000177
/dev/input/event2: 0003 0036 000003c8
/dev/input/event2: 0003 003a 00000088
/dev/input/event2: 0000 0000 00000000
/dev/input/event2: 0003 0035 0000016f
/dev/input/event2: 0003 0036 000003cf
/dev/input/event2: 0003 003a 0000007d
/dev/input/event2: 0003 0030 00000001
/dev/input/event2: 0000 0000 00000000
/dev/input/event1: 0002 0000 fffffff4
/dev/input/event1: 0002 0001 fffffff4
/dev/input/event1: 0002 0002 fffffb70
/dev/input/event1: 0000 0000 00000000
/dev/input/event2: 0003 0035 00000168
/dev/input/event2: 0003 0036 000003d5
/dev/input/event2: 0003 003a 00000080
/dev/input/event2: 0000 0000 00000000
/dev/input/event2: 0003 0035 00000162
/dev/input/event2: 0003 0036 000003da
/dev/input/event2: 0003 003a 00000084
/dev/input/event2: 0003 0030 00000000
/dev/input/event2: 0000 0000 00000000
/dev/input/event2: 0003 0035 0000015d
/dev/input/event2: 0003 0036 000003df
/dev/input/event2: 0003 003a 00000085
/dev/input/event2: 0000 0000 00000000
/dev/input/event2: 0003 0035 00000159
/dev/input/event2: 0003 0036 000003e4
/dev/input/event2: 0003 003a 0000008a
/dev/input/event2: 0003 0030 00000001
/dev/input/event2: 0000 0000 00000000
/dev/input/event2: 0003 0035 00000156
/dev/input/event2: 0003 0036 000003e7
/dev/input/event2: 0003 003a 00000084
/dev/input/event2: 0003 0030 00000000
/dev/input/event2: 0000 0000 00000000
/dev/input/event2: 0003 0035 00000154
/dev/input/event2: 0003 0036 000003ea
/dev/input/event2: 0003 003a 00000087
/dev/input/event2: 0000 0000 00000000
/dev/input/event2: 0003 0035 00000152
/dev/input/event2: 0003 0036 000003ec
/dev/input/event2: 0003 003a 00000083
/dev/input/event2: 0000 0000 00000000
/dev/input/event1: 0002 0000 00000008
/dev/input/event1: 0002 0001 fffffff0
/dev/input/event1: 0002 0002 fffffbbc
/dev/input/event1: 0000 0000 00000000
/dev/input/event2: 0003 0035 00000150
/dev/input/event2: 0003 0036 000003ee
/dev/input/event2: 0003 003a 00000088
/dev/input/event2: 0000 0000 00000000
/dev/input/event2: 0003 0035 0000014e
/dev/input/event2: 0003 0036 000003f0
/dev/input/event2: 0003 003a 0000008f
/dev/input/event2: 0000 0000 00000000
/dev/input/event2: 0003 0035 0000014d
/dev/input/event2: 0003 0036 000003f2
/dev/input/event2: 0003 003a 00000087
/dev/input/event2: 0000 0000 00000000
/dev/input/event2: 0003 0035 0000014b
/dev/input/event2: 0003 0036 000003f4
/dev/input/event2: 0003 003a 0000008a
/dev/input/event2: 0000 0000 00000000
/dev/input/event2: 0003 0035 00000149
/dev/input/event2: 0003 0036 000003f6
/dev/input/event2: 0003 003a 0000008e
/dev/input/event2: 0003 0030 00000001
/dev/input/event2: 0000 0000 00000000
/dev/input/event1: 0002 0000 00000004
/dev/input/event1: 0002 0001 fffffff0
/dev/input/event1: 0002 0002 fffffbc0
/dev/input/event1: 0000 0000 00000000
/dev/input/event2: 0003 0035 00000147
/dev/input/event2: 0003 0036 000003f8
/dev/input/event2: 0003 003a 0000009b
/dev/input/event2: 0000 0000 00000000
/dev/input/event2: 0003 0036 000003fa
/dev/input/event2: 0003 003a 00000038
/dev/input/event2: 0003 0030 00000000
/dev/input/event2: 0000 0000 00000000
/dev/input/event2: 0003 0039 ffffffff
/dev/input/event2: 0000 0000 00000000
/dev/input/event1: 0002 0000 0000000c
/dev/input/event1: 0002 0001 fffffff0
/dev/input/event1: 0002 0002 fffffbbc
/dev/input/event1: 0000 0000 00000000
/dev/input/event1: 0002 0000 00000004
/dev/input/event1: 0002 0001 ffffffe4
/dev/input/event1: 0002 0002 fffffbc8
/dev/input/event1: 0000 0000 00000000
/dev/input/event1: 0002 0000 00000004
/dev/input/event1: 0002 0001 fffffff4
/dev/input/event1: 0002 0002 fffffbc4
/dev/input/event1: 0000 0000 00000000
/dev/input/event1: 0002 0001 fffffff0
/dev/input/event1: 0002 0002 fffffbc4
/dev/input/event1: 0000 0000 00000000
/dev/input/event1: 0002 0000 0000000c
/dev/input/event1: 0002 0001 fffffff4
/dev/input/event1: 0002 0002 fffffbcc
/dev/input/event1: 0000 0000 00000000
/dev/input/event1: 0002 0000 00000010
/dev/input/event1: 0002 0001 fffffff0
/dev/input/event1: 0002 0002 fffffbc0
/dev/input/event1: 0000 0000 00000000
/dev/input/event1: 0002 0000 00000004
/dev/input/event1: 0002 0001 fffffff8
/dev/input/event1: 0002 0002 fffffbc0
/dev/input/event1: 0000 0000 00000000
/dev/input/event1: 0002 0000 00000008
/dev/input/event1: 0002 0001 fffffff8
/dev/input/event1: 0002 0002 fffffbc0
/dev/input/event1: 0000 0000 00000000
/dev/input/event1: 0002 0000 fffffffc
/dev/input/event1: 0002 0001 fffffff0
/dev/input/event1: 0002 0002 fffffbbc
/dev/input/event1: 0000 0000 00000000
/dev/input/event1: 0002 0001 ffffffec
/dev/input/event1: 0002 0002 fffffbc8
/dev/input/event1: 0000 0000 00000000
/dev/input/event1: 0002 0000 00000004
/dev/input/event1: 0002 0001 fffffff8
/dev/input/event1: 0002 0002 fffffbc0
/dev/input/event1: 0000 0000 00000000
/dev/input/event1: 0002 0001 fffffffc
/dev/input/event1: 0002 0002 fffffbc0
/dev/input/event1: 0000 0000 00000000
/dev/input/event1: 0002 0000 0000000c
/dev/input/event1: 0002 0001 00000004
/dev/input/event1: 0002 0002 fffffbc8
/dev/input/event1: 0000 0000 00000000
/dev/input/event1: 0002 0000 00000008
/dev/input/event1: 0002 0002 fffffbc0
/dev/input/event1: 0000 0000 00000000
/dev/input/event1: 0002 0000 fffffff8
/dev/input/event1: 0002 0001 ffffffec
/dev/input/event1: 0002 0002 fffffbcc
/dev/input/event1: 0000 0000 00000000
/dev/input/event1: 0002 0000 0000000c
/dev/input/event1: 0002 0001 fffffffc
/dev/input/event1: 0002 0002 fffffbc8
/dev/input/event1: 0000 0000 00000000
/dev/input/event1: 0002 0000 00000008
/dev/input/event1: 0002 0001 00000004
/dev/input/event1: 0002 0002 fffffbd0
/dev/input/event1: 0000 0000 00000000
/dev/input/event1: 0002 0001 fffffff4
/dev/input/event1: 0002 0002 fffffbc8
/dev/input/event1: 0000 0000 00000000
/dev/input/event1: 0002 0000 0000000c
/dev/input/event1: 0002 0001 ffffffec
/dev/input/event1: 0002 0002 fffffbd0
/dev/input/event1: 0000 0000 00000000
/dev/input/event1: 0002 0000 00000010
/dev/input/event1: 0002 0001 fffffff4
/dev/input/event1: 0002 0002 fffffbd0
/dev/input/event1: 0000 0000 00000000
/dev/input/event1: 0002 0000 fffffffc
/dev/input/event1: 0002 0001 00000004
/dev/input/event1: 0002 0002 fffffbbc
/dev/input/event1: 0000 0000 00000000
/dev/input/event1: 0002 0001 fffffffc
/dev/input/event1: 0002 0002 fffffbc8
/dev/input/event1: 0000 0000 00000000
/dev/input/event1: 0002 0000 00000008
/dev/input/event1: 0002 0001 fffffff4
/dev/input/event1: 0002 0002 fffffbc4
/dev/input/event1: 0000 0000 00000000
/dev/input/event1: 0002 0000 0000000c
/dev/input/event1: 0002 0001 fffffff8
/dev/input/event1: 0002 0002 fffffbc4
/dev/input/event1: 0000 0000 00000000
/dev/input/event1: 0002 0000 0000000c
/dev/input/event1: 0002 0001 fffffffc
/dev/input/event1: 0002 0002 fffffbd0
/dev/input/event1: 0000 0000 00000000
/dev/input/event1: 0002 0000 00000014
/dev/input/event1: 0002 0002 fffffbc4
/dev/input/event1: 0000 0000 00000000
/dev/input/event1: 0002 0000 00000018
/dev/input/event1: 0002 0001 fffffffc
/dev/input/event1: 0002 0002 fffffbc4
/dev/input/event1: 0000 0000 00000000
/dev/input/event1: 0002 0000 00000014
/dev/input/event1: 0002 0001 fffffffc
/dev/input/event1: 0002 0002 fffffbcc
/dev/input/event1: 0000 0000 00000000
/dev/input/event1: 0002 0000 0000000c
/dev/input/event1: 0002 0001 fffffff0
/dev/input/event1: 0002 0002 fffffbc8
/dev/input/event1: 0000 0000 00000000
/dev/input/event1: 0002 0000 00000008
/dev/input/event1: 0002 0001 fffffff4
/dev/input/event1: 0002 0002 fffffbbc
/dev/input/event1: 0000 0000 00000000
/dev/input/event1: 0002 0000 00000004
/dev/input/event1: 0002 0001 fffffff8
/dev/input/event1: 0002 0002 fffffbc0
/dev/input/event1: 0000 0000 00000000
/dev/input/event1: 0002 0000 00000010
/dev/input/event1: 0002 0001 fffffff0
/dev/input/event1: 0002 0002 fffffbc0
/dev/input/event1: 0000 0000 00000000
